have_library: checking for main() in -lEos... -------------------- no

"gcc -o conftest -I. -I/usr/lib/ruby/1.8/x86_64-linux -I. -I/home/people/risachan/Eos/include    -fno-strict-aliasing -g -g -O2  -fPIC   conftest.c  -L. -L/usr/lib -L. -Wl,-Bsymbolic-functions -rdynamic -Wl,-export-dynamic     -lruby1.8-static -lEos  -lpthread -lrt -ldl -lcrypt -lm   -lc"
/usr/lib/ruby/1.8/mkmf.rb:266: warning: Insecure world writable dir /home/people/risachan/Eos/util/X86LINUX64 in PATH, mode 040777
/usr/bin/ld: cannot find -lEos
collect2: ld returned 1 exit status
checked program was:
/* begin */
1: /*top*/
2: int main() { return 0; }
3: int t() { void ((*volatile p)()); p = (void ((*)()))main; return 0; }
/* end */

"gcc -o conftest -I. -I/usr/lib/ruby/1.8/x86_64-linux -I. -I/home/people/risachan/Eos/include    -fno-strict-aliasing -g -g -O2  -fPIC   conftest.c  -L. -L/usr/lib -L. -Wl,-Bsymbolic-functions -rdynamic -Wl,-export-dynamic     -lruby1.8-static -lEos  -lpthread -lrt -ldl -lcrypt -lm   -lc"
/usr/bin/ld: cannot find -lEos
collect2: ld returned 1 exit status
checked program was:
/* begin */
1: /*top*/
2: int main() { return 0; }
3: int t() { main(); return 0; }
/* end */

--------------------

