have_library: checking for -lGL... -------------------- no

"xcrun clang -o conftest -I/Applications/Xcode.app/Contents/Developer/Platforms/MacOSX.platform/Developer/SDKs/MacOSX13.1.sdk/System/Library/Frameworks/Ruby.framework/Versions/2.6/usr/include/ruby-2.6.0/universal-darwin22 -I/Applications/Xcode.app/Contents/Developer/Platforms/MacOSX.platform/Developer/SDKs/MacOSX13.1.sdk/System/Library/Frameworks/Ruby.framework/Versions/2.6/usr/include/ruby-2.6.0/ruby/backward -I/Applications/Xcode.app/Contents/Developer/Platforms/MacOSX.platform/Developer/SDKs/MacOSX13.1.sdk/System/Library/Frameworks/Ruby.framework/Versions/2.6/usr/include/ruby-2.6.0 -I. -I/Users/tacyas/Eos/include -D_XOPEN_SOURCE -D_DARWIN_C_SOURCE -D_DARWIN_UNLIMITED_SELECT -D_REENTRANT    -g -Os -pipe -DHAVE_GCC_ATOMIC_BUILTINS -DUSE_FFI_CLOSURE_ALLOC conftest.c  -L. -L/System/Library/Frameworks/Ruby.framework/Versions/2.6/usr/lib -L/usr/lib -L/Users/tacyas/Eos/lib/ARM64MAC64 -L/Users/tacyas/Eos/util/ARM64MAC64/lib -L. -L/AppleInternal/Library/BuildRoots/aaefcfd1-5c95-11ed-8734-2e32217d8374/Applications/Xcode.app/Contents/Developer/Platforms/MacOSX.platform/Developer/SDKs/MacOSX13.1.Internal.sdk/usr/local/lib     -lruby.2.6   "
ld: warning: directory not found for option '-L/AppleInternal/Library/BuildRoots/aaefcfd1-5c95-11ed-8734-2e32217d8374/Applications/Xcode.app/Contents/Developer/Platforms/MacOSX.platform/Developer/SDKs/MacOSX13.1.Internal.sdk/usr/local/lib'
checked program was:
/* begin */
1: #include "ruby.h"
2: 
3: int main(int argc, char **argv)
4: {
5:   return 0;
6: }
/* end */

"xcrun clang -o conftest -I/Applications/Xcode.app/Contents/Developer/Platforms/MacOSX.platform/Developer/SDKs/MacOSX13.1.sdk/System/Library/Frameworks/Ruby.framework/Versions/2.6/usr/include/ruby-2.6.0/universal-darwin22 -I/Applications/Xcode.app/Contents/Developer/Platforms/MacOSX.platform/Developer/SDKs/MacOSX13.1.sdk/System/Library/Frameworks/Ruby.framework/Versions/2.6/usr/include/ruby-2.6.0/ruby/backward -I/Applications/Xcode.app/Contents/Developer/Platforms/MacOSX.platform/Developer/SDKs/MacOSX13.1.sdk/System/Library/Frameworks/Ruby.framework/Versions/2.6/usr/include/ruby-2.6.0 -I. -I/Users/tacyas/Eos/include -D_XOPEN_SOURCE -D_DARWIN_C_SOURCE -D_DARWIN_UNLIMITED_SELECT -D_REENTRANT    -g -Os -pipe -DHAVE_GCC_ATOMIC_BUILTINS -DUSE_FFI_CLOSURE_ALLOC conftest.c  -L. -L/System/Library/Frameworks/Ruby.framework/Versions/2.6/usr/lib -L/usr/lib -L/Users/tacyas/Eos/lib/ARM64MAC64 -L/Users/tacyas/Eos/util/ARM64MAC64/lib -L. -L/AppleInternal/Library/BuildRoots/aaefcfd1-5c95-11ed-8734-2e32217d8374/Applications/Xcode.app/Contents/Developer/Platforms/MacOSX.platform/Developer/SDKs/MacOSX13.1.Internal.sdk/usr/local/lib     -lruby.2.6 -lGL   "
ld: warning: directory not found for option '-L/AppleInternal/Library/BuildRoots/aaefcfd1-5c95-11ed-8734-2e32217d8374/Applications/Xcode.app/Contents/Developer/Platforms/MacOSX.platform/Developer/SDKs/MacOSX13.1.Internal.sdk/usr/local/lib'
ld: library not found for -lGL
clang: error: linker command failed with exit code 1 (use -v to see invocation)
checked program was:
/* begin */
 1: #include "ruby.h"
 2: 
 3: /*top*/
 4: extern int t(void);
 5: int main(int argc, char **argv)
 6: {
 7:   if (argc > 1000000) {
 8:     int (* volatile tp)(void)=(int (*)(void))&t;
 9:     printf("%d", (*tp)());
10:   }
11: 
12:   return 0;
13: }
14: 
15: int t(void) { ; return 0; }
/* end */

--------------------

