
 FORMATTED  new  file opened: BBb.tlt

 FORMATTED  new  file opened: BBb.tltxf

 FORMATTED  ro  file opened: BBb.rawtlt

                        Variable mappings
 View  Rotation     Tilt  (+ incr.)      Mag       Comp      Dmag      Skew
   1   rot    1   tilt   1              fixed      fixed    dmag   1   skew   1
   2   rot    2   t  1+  3            mag    2     fixed    dmag   1   s  1+fix
   3   rot    3   tilt   3            mag    3     fixed    dmag   1   s  1+fix
   4   rot    4   t  3+  7            mag    4     fixed    dmag   4   s  1+fix
   5   rot    5   t  3+  7            mag    5     fixed    dmag   4   s  1+fix
   6   rot    6   t  3+  7            mag    6     fixed    dmag   4   s  1+fix
   7   rot    7   tilt   7            mag    7     fixed    dmag   4   s  1+fix
   8   rot    8   t  7+ 11            mag    8     fixed    dmag   8   s  1+fix
   9   rot    9   t  7+ 11            mag    9     fixed    dmag   8   s  1+fix
  10   rot   10   t  7+ 11            mag   10     fixed    dmag   8   s  1+fix
  11   rot   11   tilt  11            mag   11     fixed    dmag   8     fixed 
  12   rot   12   t 11+ 16            mag   12     fixed    dmag   8   s 21+fix
  13   rot   13   t 11+ 16            mag   13     fixed      fixed    s 21+fix
  14   rot   14   t 11+ 16            mag   14     fixed      fixed    s 21+fix
  15   rot   15   t 11+ 16            mag   15     fixed      fixed    s 21+fix
  16   rot   16   tilt  16            mag   16     fixed      fixed    s 21+fix
  17   rot   17   t 16+ 21            mag   17     fixed      fixed    s 21+fix
  18   rot   18   t 16+ 21            mag   18     fixed      fixed    s 21+fix
  19   rot   19   t 16+ 21            mag   19     fixed      fixed    s 21+fix
  20   rot   20   t 16+ 21            mag   20     fixed    dmag  20   s 21+fix
  21   rot   21   tilt  21            mag   21     fixed    dmag  20   skew  21
  22   rot   22   t 21+ 27            mag   22     fixed    dmag  20   s 21+ 31
  23   rot   23   t 21+ 27            mag   23     fixed    dmag  20   s 21+ 31
  24   rot   24   t 21+ 27            mag   24     fixed    dmag  20   s 21+ 31
  25   rot   25   t 21+ 27            mag   25     fixed    dmag  20   s 21+ 31
  26   rot   26   t 21+ 27            mag   26     fixed    dmag  20   s 21+ 31
  27   rot   27   tilt  27            mag   27     fixed    dmag  20   s 21+ 31
  28   rot   28   t 27+fix            mag   28     fixed    dmag  28   s 21+ 31
  29   rot   29   t 27+fix            mag   29     fixed    dmag  28   s 21+ 31
  30   rot   30   t 27+fix            mag   30     fixed    dmag  28   s 21+ 31
  31   rot   31   t 27+fix            mag   31     fixed    dmag  28   skew  31
  32   rot   32   t 27+fix            mag   32     fixed    dmag  28   s 31+ 41
  33   rot   33     fixed             mag   33     fixed    dmag  28   s 31+ 41
  34   rot   34   t 38+fix            mag   34     fixed    dmag  28   s 31+ 41
  35   rot   35   t 38+fix            mag   35     fixed    dmag  28   s 31+ 41
  36   rot   36   t 38+fix            mag   36     fixed    dmag  28   s 31+ 41
  37   rot   37   t 38+fix            mag   37     fixed    dmag  37   s 31+ 41
  38   rot   38   tilt  38            mag   38     fixed    dmag  37   s 31+ 41
  39   rot   39   t 38+ 44            mag   39     fixed    dmag  37   s 31+ 41
  40   rot   40   t 38+ 44            mag   40     fixed    dmag  37   s 31+ 41
  41   rot   41   t 38+ 44            mag   41     fixed    dmag  37   skew  41
  42   rot   42   t 38+ 44            mag   42     fixed    dmag  37   s 41+ 51
  43   rot   43   t 38+ 44            mag   43     fixed    dmag  37   s 41+ 51
  44   rot   44   tilt  44            mag   44     fixed    dmag  37   s 41+ 51
  45   rot   45   t 44+ 49            mag   45     fixed    dmag  45   s 41+ 51
  46   rot   46   t 44+ 49            mag   46     fixed    dmag  45   s 41+ 51
  47   rot   47   t 44+ 49            mag   47     fixed    dmag  45   s 41+ 51
  48   rot   48   t 44+ 49            mag   48     fixed    dmag  45   s 41+ 51
  49   rot   49   tilt  49            mag   49     fixed    dmag  45   s 41+ 51
  50   rot   50   t 49+ 54            mag   50     fixed    dmag  45   s 41+ 51
  51   rot   51   t 49+ 54            mag   51     fixed    dmag  45   skew  51
  52   rot   52   t 49+ 54            mag   52     fixed    dmag  52   s 51+ 61
  53   rot   53   t 49+ 54            mag   53     fixed    dmag  52   s 51+ 61
  54   rot   54   tilt  54            mag   54     fixed    dmag  52   s 51+ 61
  55   rot   55   t 54+ 58            mag   55     fixed    dmag  52   s 51+ 61
  56   rot   56   t 54+ 58            mag   56     fixed    dmag  52   s 51+ 61
  57   rot   57   t 54+ 58            mag   57     fixed    dmag  52   s 51+ 61
  58   rot   58   tilt  58            mag   58     fixed    dmag  58   s 51+ 61
  59   rot   59   t 58+ 61            mag   59     fixed    dmag  58   s 51+ 61
  60   rot   60   t 58+ 61            mag   60     fixed    dmag  58   s 51+ 61
  61   rot   61   tilt  61            mag   61     fixed    dmag  58   skew  61

 DXY set to equalize centroids gave best initialization

 Variable Metric minimization                  Initial F:        0.1574082E-01
                                               Cycle   10        0.5172446E-02
                                               Cycle   20        0.4502256E-02
                                               Cycle   30        0.4209198E-02
                                               Cycle   40        0.4149165E-02
                                               Cycle   50        0.4115688E-02
                                               Cycle   60        0.4104001E-02
                                               Cycle   70        0.4101658E-02
                                               Cycle   80        0.4099852E-02
                                               Cycle   90        0.4099485E-02

                                               Final   F :       0.4099446E-02

 Number of cycles :    92
  61 views,  149 geometric variables,   25 3-D points,  1525 projection points
  Ratio of total measured values to all unknowns =  3050/ 341 =   8.94
  Ratio to variables in search (formerly 'total unknowns') =  3050/ 221 =  13.80

 view   rotation    tilt    deltilt     mag      dmag      skew    mean resid
   1     -11.9      62.5     -0.40    1.0000   -0.0012     -0.01      0.44
   2     -11.9      60.5     -0.44    1.0002   -0.0012     -0.01      0.37
   3     -12.0      58.4     -0.47    0.9994   -0.0012     -0.01      0.41
   4     -12.0      56.4     -0.44    0.9993   -0.0009     -0.01      0.42
   5     -11.9      54.5     -0.41    0.9985   -0.0009     -0.01      0.41
   6     -11.9      52.5     -0.38    0.9986   -0.0009     -0.01      0.32
   7     -11.9      50.5     -0.35    0.9986   -0.0009     -0.01      0.36
   8     -11.9      48.5     -0.38    0.9989   -0.0022      0.00      0.31
   9     -11.9      46.5     -0.40    0.9978   -0.0022      0.00      0.32
  10     -11.9      44.5     -0.43    0.9975   -0.0022      0.00      0.32
  11     -12.0      42.4     -0.45    0.9975   -0.0022      0.00      0.35
  12     -12.0      40.5     -0.39    0.9976   -0.0022      0.00      0.31
  13     -12.0      38.6     -0.33    0.9981    0.0000     -0.01      0.34
  14     -12.0      36.6     -0.27    0.9981    0.0000     -0.01      0.30
  15     -11.9      34.7     -0.22    0.9978    0.0000     -0.01      0.31
  16     -11.9      32.7     -0.16    0.9980    0.0000     -0.01      0.36
  17     -11.9      30.7     -0.17    0.9975    0.0000     -0.02      0.34
  18     -11.9      28.7     -0.18    0.9972    0.0000     -0.02      0.32
  19     -11.9      26.7     -0.18    0.9973    0.0000     -0.02      0.36
  20     -12.0      24.7     -0.19    0.9968    0.0014     -0.03      0.35
  21     -12.0      22.7     -0.20    0.9960    0.0014     -0.03      0.29
  22     -11.9      20.7     -0.16    0.9958    0.0014     -0.03      0.34
  23     -11.9      18.8     -0.11    0.9963    0.0014     -0.04      0.32
  24     -11.9      16.8     -0.07    0.9966    0.0014     -0.04      0.35
  25     -11.9      14.9     -0.02    0.9964    0.0014     -0.04      0.34
  26     -12.0      12.9      0.03    0.9960    0.0014     -0.05      0.36
  27     -11.9      11.0      0.07    0.9961    0.0014     -0.05      0.33
  28     -11.9       8.9      0.06    0.9958    0.0022     -0.05      0.31
  29     -11.9       6.9      0.05    0.9961    0.0022     -0.06      0.31
  30     -12.0       4.9      0.04    0.9961    0.0022     -0.06      0.27
  31     -11.9       2.9      0.02    0.9964    0.0022     -0.07      0.28
  32     -11.9       0.9      0.01    0.9961    0.0022     -0.09      0.31
  33     -11.9      -1.1      0.00    0.9958    0.0022     -0.11      0.30
  34     -11.9      -3.0      0.08    0.9958    0.0022     -0.13      0.25
  35     -11.9      -4.9      0.17    0.9953    0.0022     -0.15      0.32
  36     -11.9      -6.9      0.25    0.9950    0.0022     -0.17      0.29
  37     -11.9      -8.8      0.33    0.9946    0.0039     -0.19      0.30
  38     -11.9     -10.7      0.41    0.9951    0.0039     -0.21      0.30
  39     -12.0     -12.7      0.41    0.9953    0.0039     -0.23      0.32
  40     -11.9     -14.7      0.40    0.9950    0.0039     -0.25      0.29
  41     -11.9     -16.7      0.39    0.9947    0.0039     -0.27      0.36
  42     -11.9     -18.7      0.39    0.9943    0.0039     -0.27      0.34
  43     -11.9     -20.7      0.38    0.9943    0.0039     -0.28      0.31
  44     -11.9     -22.7      0.37    0.9941    0.0039     -0.28      0.32
  45     -11.9     -24.7      0.41    0.9935    0.0047     -0.28      0.30
  46     -12.0     -26.7      0.44    0.9937    0.0047     -0.29      0.33
  47     -11.9     -28.6      0.48    0.9940    0.0047     -0.29      0.27
  48     -11.9     -30.6      0.52    0.9941    0.0047     -0.29      0.33
  49     -11.9     -32.6      0.55    0.9937    0.0047     -0.29      0.31
  50     -11.9     -34.5      0.59    0.9935    0.0047     -0.30      0.32
  51     -11.9     -36.5      0.63    0.9936    0.0047     -0.30      0.37
  52     -11.9     -38.4      0.67    0.9940    0.0043     -0.31      0.35
  53     -11.9     -40.4      0.70    0.9943    0.0043     -0.33      0.36
  54     -11.9     -42.4      0.74    0.9941    0.0043     -0.34      0.37
  55     -11.9     -44.3      0.76    0.9938    0.0043     -0.35      0.36
  56     -11.9     -46.3      0.78    0.9932    0.0043     -0.37      0.43
  57     -11.9     -48.3      0.80    0.9930    0.0043     -0.38      0.31
  58     -11.9     -50.3      0.83    0.9934    0.0054     -0.40      0.33
  59     -11.9     -52.3      0.82    0.9934    0.0054     -0.41      0.36
  60     -11.9     -54.3      0.82    0.9927    0.0054     -0.42      0.45
  61     -11.9     -56.3      0.82    0.9929    0.0054     -0.44      0.38


                     3-D point coordinates (with centroid zero)
   #       X         Y         Z      obj  cont
   1    -22.89    -22.36     46.58      1    1
   2     -1.45     31.94    -35.53      1    2
   3     14.57     51.91     47.00      1    3
   4     47.30    -91.11    -35.15      1    4
   5     66.49    -55.48     45.34      1    5
   6   -127.78     19.38    -37.10      1    6
   7    -53.60    131.63     45.64      1    7
   8    116.32    -20.94    -33.60      1    8
   9   -148.02    188.83     46.29      1    9
  10    -73.16    -78.87    -36.89      1   10
  11    -16.05   -111.72    -35.79      1   11
  12    -11.33   -147.65    -36.31      1   12
  13    -90.08   -115.95    -36.96      1   13
  14    -57.72    153.73    -34.37      1   14
  15    -54.41   -158.12     45.40      1   15
  16    -31.78   -176.56    -37.86      1   16
  17    165.76   -153.54    -35.61      1   17
  18     43.25    129.23     44.52      1   18
  19    -41.51    119.03     45.20      1   19
  20    117.48    -51.06     44.33      1   20
  21     93.66   -146.79    -35.50      1   21
  22   -208.31    118.29     44.61      1   22
  23    -24.35    185.43     42.70      1   23
  24    183.53    -63.94    -34.25      1   24
  25    114.10    264.68    -32.70      1   25

 Midpoint of Z range relative to centroid in Z:    4.57

 FORMATTED  new  file opened: BBb.resid

 FORMATTED  new  file opened: BBb.zfac

 Residual error mean and sd:   0.336   0.186

         Projection points with large residuals
 obj  cont  view   index coordinates      residuals        # of
   #     #     #      X         Y        X        Y        S.D.

 FORMATTED  new  file opened: BBbfid.xyz

 SURFACE ANALYSIS:

 The following parameters are appropriate if fiducials are all on one surface

 Fit of one plane to all fiducials:
 Adjusted slope = -0.0672
 Incremental tilt angle change =   3.84
 Total tilt angle change =         1.73

 The following parameters are provided to indicate the consistency
 of the fit when fiducials are on two surfaces

 Fit of one plane to points on bottom surface:
 # of points =     14
 Z axis intercept =  -35.42
 Adjusted slope =    0.0098
 Mean residual =      0.437
 X axis tilt needed = -0.43
 Incremental tilt angle change =  -0.56
 Total tilt angle change =        -2.67

 Fit of one plane to points on top surface:
 # of points =     11
 Z axis intercept =   45.35
 Adjusted slope =   -0.0034
 Mean residual =      0.875
 X axis tilt needed =  0.21
 Incremental tilt angle change =   0.20
 Total tilt angle change =        -1.91

 The following parameters combine the last two results and are
 appropriate if fiducials are on two surfaces

 Thickness at Z intercepts =      80.77
 Average adjusted slope =        0.0040
 Average X axis tilt needed =     -0.15
 Incremental tilt angle change =  -0.23
 Total tilt angle change =        -2.34


 FORMATTED  ro  file opened: BBb.prexg
 61 transforms in first file

 FORMATTED  ro  file opened: BBb.tltxf
 61 transforms in second file

 FORMATTED  new  file opened: BBb_fid.xf
 61 new transforms written
