
 FORMATTED  new  file opened: BBa.tlt

 FORMATTED  new  file opened: BBa.tltxf

 FORMATTED  ro  file opened: BBa.rawtlt

                        Variable mappings
 View  Rotation     Tilt  (+ incr.)      Mag       Comp      Dmag      Skew
   1   rot    1   tilt   1              fixed      fixed    dmag   1   skew   1
   2   rot    2   t  1+  3            mag    2     fixed    dmag   1   s  1+fix
   3   rot    3   tilt   3            mag    3     fixed    dmag   3   s  1+fix
   4   rot    4   t  3+  7            mag    4     fixed    dmag   3   s  1+fix
   5   rot    5   t  3+  7            mag    5     fixed    dmag   3   s  1+fix
   6   rot    6   t  3+  7            mag    6     fixed    dmag   3   s  1+fix
   7   rot    7   tilt   7            mag    7     fixed    dmag   7   s  1+fix
   8   rot    8   t  7+ 10            mag    8     fixed    dmag   7   s  1+fix
   9   rot    9   t  7+ 10            mag    9     fixed    dmag   7   s  1+fix
  10   rot   10   tilt  10            mag   10     fixed    dmag   7   s  1+fix
  11   rot   11   t 10+ 15            mag   11     fixed    dmag   7     fixed 
  12   rot   12   t 10+ 15            mag   12     fixed      fixed    s 21+fix
  13   rot   13   t 10+ 15            mag   13     fixed      fixed    s 21+fix
  14   rot   14   t 10+ 15            mag   14     fixed      fixed    s 21+fix
  15   rot   15   tilt  15            mag   15     fixed      fixed    s 21+fix
  16   rot   16   t 15+ 20            mag   16     fixed      fixed    s 21+fix
  17   rot   17   t 15+ 20            mag   17     fixed      fixed    s 21+fix
  18   rot   18   t 15+ 20            mag   18     fixed      fixed    s 21+fix
  19   rot   19   t 15+ 20            mag   19     fixed    dmag  19   s 21+fix
  20   rot   20   tilt  20            mag   20     fixed    dmag  19   s 21+fix
  21   rot   21   t 20+ 26            mag   21     fixed    dmag  19   skew  21
  22   rot   22   t 20+ 26            mag   22     fixed    dmag  19   s 21+ 31
  23   rot   23   t 20+ 26            mag   23     fixed    dmag  19   s 21+ 31
  24   rot   24   t 20+ 26            mag   24     fixed    dmag  19   s 21+ 31
  25   rot   25   t 20+ 26            mag   25     fixed    dmag  19   s 21+ 31
  26   rot   26   tilt  26            mag   26     fixed    dmag  19   s 21+ 31
  27   rot   27   t 26+fix            mag   27     fixed    dmag  27   s 21+ 31
  28   rot   28   t 26+fix            mag   28     fixed    dmag  27   s 21+ 31
  29   rot   29   t 26+fix            mag   29     fixed    dmag  27   s 21+ 31
  30   rot   30   t 26+fix            mag   30     fixed    dmag  27   s 21+ 31
  31   rot   31   t 26+fix            mag   31     fixed    dmag  27   skew  31
  32   rot   32     fixed             mag   32     fixed    dmag  27   s 31+ 41
  33   rot   33   t 38+fix            mag   33     fixed    dmag  27   s 31+ 41
  34   rot   34   t 38+fix            mag   34     fixed    dmag  27   s 31+ 41
  35   rot   35   t 38+fix            mag   35     fixed    dmag  27   s 31+ 41
  36   rot   36   t 38+fix            mag   36     fixed    dmag  36   s 31+ 41
  37   rot   37   t 38+fix            mag   37     fixed    dmag  36   s 31+ 41
  38   rot   38   tilt  38            mag   38     fixed    dmag  36   s 31+ 41
  39   rot   39   t 38+ 43            mag   39     fixed    dmag  36   s 31+ 41
  40   rot   40   t 38+ 43            mag   40     fixed    dmag  36   s 31+ 41
  41   rot   41   t 38+ 43            mag   41     fixed    dmag  36   skew  41
  42   rot   42   t 38+ 43            mag   42     fixed    dmag  36   s 41+ 51
  43   rot   43   tilt  43            mag   43     fixed    dmag  36   s 41+ 51
  44   rot   44   t 43+ 49            mag   44     fixed    dmag  44   s 41+ 51
  45   rot   45   t 43+ 49            mag   45     fixed    dmag  44   s 41+ 51
  46   rot   46   t 43+ 49            mag   46     fixed    dmag  44   s 41+ 51
  47   rot   47   t 43+ 49            mag   47     fixed    dmag  44   s 41+ 51
  48   rot   48   t 43+ 49            mag   48     fixed    dmag  44   s 41+ 51
  49   rot   49   tilt  49            mag   49     fixed    dmag  44   s 41+ 51
  50   rot   50   t 49+ 54            mag   50     fixed    dmag  44   s 41+ 51
  51   rot   51   t 49+ 54            mag   51     fixed    dmag  44   skew  51
  52   rot   52   t 49+ 54            mag   52     fixed    dmag  52   s 51+ 61
  53   rot   53   t 49+ 54            mag   53     fixed    dmag  52   s 51+ 61
  54   rot   54   tilt  54            mag   54     fixed    dmag  52   s 51+ 61
  55   rot   55   t 54+ 58            mag   55     fixed    dmag  52   s 51+ 61
  56   rot   56   t 54+ 58            mag   56     fixed    dmag  52   s 51+ 61
  57   rot   57   t 54+ 58            mag   57     fixed    dmag  57   s 51+ 61
  58   rot   58   tilt  58            mag   58     fixed    dmag  57   s 51+ 61
  59   rot   59   t 58+ 61            mag   59     fixed    dmag  57   s 51+ 61
  60   rot   60   t 58+ 61            mag   60     fixed    dmag  57   s 51+ 61
  61   rot   61   tilt  61            mag   61     fixed    dmag  57   skew  61

 DXY set to equalize centroids gave best initialization

 Variable Metric minimization                  Initial F:        0.2539057E-01
                                               Cycle   10        0.6077576E-02
                                               Cycle   20        0.4092255E-02
                                               Cycle   30        0.3595541E-02
                                               Cycle   40        0.3556029E-02
                                               Cycle   50        0.3537604E-02
                                               Cycle   60        0.3531215E-02
                                               Cycle   70        0.3530569E-02

                                               Final   F :       0.3530402E-02

 Number of cycles :    78
  61 views,  149 geometric variables,   25 3-D points,  1525 projection points
  Ratio of total measured values to all unknowns =  3050/ 341 =   8.94
  Ratio to variables in search (formerly 'total unknowns') =  3050/ 221 =  13.80

 view   rotation    tilt    deltilt     mag      dmag      skew    mean resid
   1     -11.1      64.4     -0.13    1.0000   -0.0028      0.12      0.42
   2     -11.1      62.4     -0.08    1.0000   -0.0028      0.11      0.32
   3     -11.1      60.5     -0.03    0.9987   -0.0012      0.10      0.37
   4     -11.1      58.5     -0.02    0.9991   -0.0012      0.09      0.33
   5     -11.1      56.5     -0.02    0.9978   -0.0012      0.07      0.39
   6     -11.1      54.5     -0.01    0.9985   -0.0012      0.06      0.33
   7     -11.1      52.5     -0.01    0.9976    0.0008      0.05      0.35
   8     -11.1      50.5     -0.01    0.9983    0.0008      0.04      0.35
   9     -11.1      48.5     -0.02    0.9973    0.0008      0.02      0.27
  10     -11.1      46.5     -0.02    0.9974    0.0008      0.01      0.31
  11     -11.1      44.5     -0.01    0.9974    0.0008      0.00      0.29
  12     -11.2      42.5     -0.01    0.9977    0.0000     -0.01      0.33
  13     -11.2      40.5      0.00    0.9975    0.0000     -0.03      0.27
  14     -11.2      38.5      0.00    0.9979    0.0000     -0.04      0.29
  15     -11.2      36.5      0.00    0.9972    0.0000     -0.05      0.31
  16     -11.3      34.5     -0.05    0.9967    0.0000     -0.07      0.35
  17     -11.3      32.4     -0.10    0.9969    0.0000     -0.08      0.26
  18     -11.3      30.4     -0.15    0.9962    0.0000     -0.09      0.30
  19     -11.3      28.3     -0.20    0.9965    0.0000     -0.10      0.29
  20     -11.3      26.2     -0.25    0.9964    0.0000     -0.12      0.39
  21     -11.3      24.2     -0.26    0.9960    0.0000     -0.13      0.30
  22     -11.3      22.2     -0.28    0.9957    0.0000     -0.12      0.31
  23     -11.3      20.2     -0.29    0.9961    0.0000     -0.12      0.30
  24     -11.4      18.2     -0.30    0.9959    0.0000     -0.11      0.25
  25     -11.4      16.2     -0.32    0.9963    0.0000     -0.10      0.27
  26     -11.4      14.2     -0.33    0.9963    0.0000     -0.09      0.31
  27     -11.4      12.2     -0.28    0.9951    0.0015     -0.09      0.34
  28     -11.5      10.3     -0.22    0.9954    0.0015     -0.08      0.35
  29     -11.5       8.3     -0.17    0.9955    0.0015     -0.07      0.33
  30     -11.5       6.4     -0.11    0.9951    0.0015     -0.06      0.31
  31     -11.5       4.4     -0.06    0.9948    0.0015     -0.06      0.24
  32     -11.5       2.5      0.00    0.9947    0.0015     -0.06      0.28
  33     -11.6       0.5     -0.04    0.9951    0.0015     -0.06      0.32
  34     -11.5      -1.6     -0.07    0.9947    0.0015     -0.06      0.30
  35     -11.5      -3.6     -0.11    0.9947    0.0015     -0.06      0.33
  36     -11.6      -5.6     -0.15    0.9942    0.0025     -0.06      0.32
  37     -11.6      -7.7     -0.19    0.9943    0.0025     -0.06      0.28
  38     -11.6      -9.7     -0.22    0.9948    0.0025     -0.06      0.32
  39     -11.6     -11.7     -0.19    0.9946    0.0025     -0.07      0.33
  40     -11.6     -13.7     -0.15    0.9945    0.0025     -0.07      0.34
  41     -11.6     -15.6     -0.11    0.9940    0.0025     -0.07      0.31
  42     -11.6     -17.6     -0.08    0.9931    0.0025     -0.08      0.31
  43     -11.6     -19.5     -0.04    0.9927    0.0025     -0.09      0.25
  44     -11.7     -21.6     -0.05    0.9921    0.0038     -0.10      0.25
  45     -11.7     -23.6     -0.07    0.9922    0.0038     -0.11      0.26
  46     -11.6     -25.6     -0.08    0.9923    0.0038     -0.12      0.30
  47     -11.6     -27.6     -0.10    0.9924    0.0038     -0.14      0.29
  48     -11.6     -29.6     -0.11    0.9920    0.0038     -0.15      0.29
  49     -11.6     -31.6     -0.13    0.9922    0.0038     -0.16      0.29
  50     -11.7     -33.6     -0.13    0.9922    0.0038     -0.17      0.32
  51     -11.7     -35.6     -0.13    0.9929    0.0038     -0.18      0.33
  52     -11.7     -37.6     -0.13    0.9936    0.0026     -0.19      0.41
  53     -11.7     -39.6     -0.13    0.9937    0.0026     -0.19      0.29
  54     -11.7     -41.6     -0.13    0.9939    0.0026     -0.20      0.26
  55     -11.7     -43.6     -0.11    0.9941    0.0026     -0.20      0.29
  56     -11.7     -45.6     -0.08    0.9929    0.0026     -0.21      0.28
  57     -11.6     -47.6     -0.06    0.9924    0.0013     -0.22      0.42
  58     -11.6     -49.5     -0.04    0.9927    0.0013     -0.22      0.37
  59     -11.7     -51.5     -0.04    0.9930    0.0013     -0.23      0.33
  60     -11.7     -53.5     -0.03    0.9926    0.0013     -0.23      0.35
  61     -11.8     -55.5     -0.03    0.9920    0.0013     -0.24      0.36


                     3-D point coordinates (with centroid zero)
   #       X         Y         Z      obj  cont
   1    -21.64     25.19     45.83      1    1
   2     31.00      1.01    -35.58      1    2
   3     51.95    -12.41     46.76      1    3
   4    -89.89    -49.78    -32.67      1    4
   5    -53.61    -66.18     47.62      1    5
   6     17.69    128.85    -41.20      1    6
   7    129.90     57.05     42.49      1    7
   8    -20.63   -119.62    -29.39      1    8
   9    185.62    153.11     39.89      1    9
  10    -78.36     72.77    -38.25      1   10
  11   -110.46     14.32    -35.43      1   11
  12   -145.83      9.31    -35.32      1   12
  13   -115.14     89.64    -38.89      1   13
  14    150.53     58.61    -37.23      1   14
  15   -155.30     55.79     44.62      1   15
  16   -174.46     29.78    -37.39      1   16
  17   -150.89   -171.67    -28.31      1   17
  18    128.27    -41.25     44.20      1   18
  19    117.75     44.79     42.38      1   19
  20    -49.14   -118.15     48.35      1   20
  21   -144.47    -97.79    -30.83      1   21
  22    115.68    213.85     36.68      1   22
  23    183.21     27.37     39.70      1   23
  24    -62.52   -188.58    -27.00      1   24
  25    260.73   -116.01    -31.02      1   25

 Midpoint of Z range relative to centroid in Z:    3.57

 FORMATTED  new  file opened: BBa.resid

 FORMATTED  new  file opened: BBa.zfac

 Residual error mean and sd:   0.315   0.176

         Projection points with large residuals
 obj  cont  view   index coordinates      residuals        # of
   #     #     #      X         Y        X        Y        S.D.

 FORMATTED  new  file opened: BBafid.xyz

 SURFACE ANALYSIS:

 The following parameters are appropriate if fiducials are all on one surface

 Fit of one plane to all fiducials:
 Adjusted slope =  0.1103
 Incremental tilt angle change =  -6.29
 Total tilt angle change =        -6.79

 The following parameters are provided to indicate the consistency
 of the fit when fiducials are on two surfaces

 Fit of one plane to points on bottom surface:
 # of points =     14
 Z axis intercept =  -35.25
 Adjusted slope =   -0.0006
 Mean residual =      0.396
 X axis tilt needed =  2.46
 Incremental tilt angle change =   0.03
 Total tilt angle change =        -0.47

 Fit of one plane to points on top surface:
 # of points =     11
 Z axis intercept =   45.08
 Adjusted slope =   -0.0128
 Mean residual =      0.954
 X axis tilt needed =  1.57
 Incremental tilt angle change =   0.73
 Total tilt angle change =         0.23

 The following parameters combine the last two results and are
 appropriate if fiducials are on two surfaces

 Thickness at Z intercepts =      80.33
 Average adjusted slope =       -0.0060
 Average X axis tilt needed =      2.07
 Incremental tilt angle change =   0.34
 Total tilt angle change =        -0.16


 FORMATTED  ro  file opened: BBa.prexg
 61 transforms in first file

 FORMATTED  ro  file opened: BBa.tltxf
 61 transforms in second file

 FORMATTED  new  file opened: BBa_fid.xf
 61 new transforms written
