
 RO image file on unit   5 : BBb.rec     Size=        98306

 Number of columns, rows, sections .........    512     96    512
 Map mode ..................................    1
 Start cols, rows, sects, grid x,y,z .......    0    0    0     512    96   512
 Pixel spacing (Angstroms)..................  20.20      20.20      20.20    
 Cell angles ...............................   90.000   90.000   90.000
 Fast, medium, slow axes ...................    X    Y    Z
 Origin on x,y,z ...........................  5171.      969.6      0.000    
 Minimum density ...........................  -3198.8    
 Maximum density ...........................   2183.0    
 Mean density ..............................   692.15    
 tilt angles (original,current) ............  0.0   0.0   0.0  90.0   0.0   0.0
 Space group,# extra bytes,idtype,lens .....       0       0       0       0

     7 Titles :
SerialEM: Digitized by Gatan Camera on TF30             30-Sep-03  13:39:31    
          Tilt axis rotation angle = -12.5                                     
REDUCEMONT: recut and reduced by factor of  2            3-Nov-03  15:45:19    
clip: resized image.                                     3-Nov-03  15:47:36    
NEWSTACK: Images copied, transformed                    20-Oct-06  16:37:31    
mrctaper: Image tapered down to fill value at edges     20-Oct-06  16:37:35    
TILT: Tomographic reconstruction                        20-Oct-06  16:37:39    


 FORMATTED  ro  file opened: solve.xf
 Forward matrix:
  0.005501 -0.015051  0.984453    55.069
 -0.000539  0.993769  0.009225     0.217
 -1.018205 -0.005159  0.006522   -20.773
 Inverse matrix:
  0.006553 -0.004999 -0.982082   -20.761
 -0.009424  1.006124 -0.000584     0.289
  1.015612  0.015410  0.005479   -55.818

 FORMATTED  new  file opened: inverse.xf
 Rotations done in  2 layers, with  2 by  1 cubes in each layer
Finished     1 of     4
Finished     2 of     4
Finished     3 of     4
Finished     4 of     4
