     50 positions
   286    60   246    -0.30    -0.13     0.56    0.7721
   371    60   246    -0.38    -0.22     0.60    0.6506
   456    60   246    -0.27    -0.31     0.88    0.7260
   201    60   246    -0.23    -0.02     0.76    0.7112
   116    60   246    -0.35    -0.22     0.95    0.6724
   286    38   246    -0.27    -0.01     0.69    0.7767
   371    38   246    -0.42    -0.07     0.69    0.6608
   456    38   246    -0.37    -0.22     0.96    0.7017
   201    38   246    -0.11     0.00     0.79    0.6402
   116    38   246    -0.29    -0.06     0.95    0.6961
   286    60   341    -0.16     0.06     0.79    0.5316
   371    60   341    -0.22     0.08     0.89    0.6938
   456    60   341    -0.24    -0.14     1.25    0.6946
   201    60   341    -0.24     0.02     0.87    0.6869
   116    60   341    -0.26    -0.29     1.06    0.7091
   286    38   341    -0.14     0.46     0.76    0.5319
   371    38   341    -0.23     0.15     0.93    0.6465
   456    38   341    -0.30     0.07     1.29    0.6155
   201    38   341    -0.15     0.04     0.87    0.6714
   116    38   341    -0.19    -0.14     1.02    0.7334
   286    60   436     0.05     0.41     1.32    0.6398
   371    60   436    -0.01     0.24     1.30    0.6704
   456    60   436     0.04     0.18     1.70    0.6736
   201    60   436     0.03     0.08     1.24    0.6242
   116    60   436    -0.06    -0.26     1.27    0.6617
   286    38   436     0.08     0.61     1.31    0.6374
   371    38   436    -0.05     0.30     1.29    0.6535
   456    38   436     0.02     0.15     1.66    0.5782
   201    38   436     0.13     0.07     1.20    0.6520
   116    38   436    -0.04    -0.13     1.22    0.2519
   286    60   151    -0.27    -0.18     0.63    0.7458
   371    60   151    -0.26    -0.27     0.61    0.7065
   456    60   151    -0.13    -0.47     0.85    0.7056
   201    60   151    -0.21    -0.14     0.81    0.6925
   116    60   151    -0.30    -0.16     1.02    0.6840
   286    38   151    -0.28     0.02     0.74    0.7458
   371    38   151    -0.34    -0.24     0.62    0.6920
   456    38   151    -0.16    -0.36     0.89    0.6780
   201    38   151    -0.21    -0.06     0.81    0.7219
   116    38   151    -0.29    -0.13     1.04    0.6896
   286    60    56    -0.21     0.01     0.69    0.6786
   371    60    56    -0.15    -0.07     0.71    0.6822
   456    60    56    -0.02    -0.22     0.86    0.7069
   201    60    56    -0.20     0.09     0.87    0.7039
   116    60    56    -0.24     0.09     1.30    0.6851
   286    38    56    -0.20    -0.01     0.65    0.7129
   371    38    56    -0.12    -0.09     0.68    0.6830
   456    38    56    -0.04    -0.24     0.80    0.7018
   201    38    56    -0.23     0.00     0.84    0.6926
   116    38    56    -0.25     0.19     1.20    0.6702
