                     3-D point coordinates (with centroid zero)
   #       X         Y         Z      obj  cont
   1    -21.64     25.19     45.83      1    1
   2     31.00      1.01    -35.58      1    2
   3     51.95    -12.41     46.76      1    3
   4    -89.89    -49.78    -32.67      1    4
   5    -53.61    -66.18     47.62      1    5
   6     17.69    128.85    -41.20      1    6
   7    129.90     57.05     42.49      1    7
   8    -20.63   -119.62    -29.39      1    8
   9    185.62    153.11     39.89      1    9
  10    -78.36     72.77    -38.25      1   10
  11   -110.46     14.32    -35.43      1   11
  12   -145.83      9.31    -35.32      1   12
  13   -115.14     89.64    -38.89      1   13
  14    150.53     58.61    -37.23      1   14
  15   -155.30     55.79     44.62      1   15
  16   -174.46     29.78    -37.39      1   16
  17   -150.89   -171.67    -28.31      1   17
  18    128.27    -41.25     44.20      1   18
  19    117.75     44.79     42.38      1   19
  20    -49.14   -118.15     48.35      1   20
  21   -144.47    -97.79    -30.83      1   21
  22    115.68    213.85     36.68      1   22
  23    183.21     27.37     39.70      1   23
  24    -62.52   -188.58    -27.00      1   24
  25    260.73   -116.01    -31.02      1   25

