                     3-D point coordinates (with centroid zero)
   #       X         Y         Z      obj  cont
   1    -22.89    -22.36     46.58      1    1
   2     -1.45     31.94    -35.53      1    2
   3     14.57     51.91     47.00      1    3
   4     47.30    -91.11    -35.15      1    4
   5     66.49    -55.48     45.34      1    5
   6   -127.78     19.38    -37.10      1    6
   7    -53.60    131.63     45.64      1    7
   8    116.32    -20.94    -33.60      1    8
   9   -148.02    188.83     46.29      1    9
  10    -73.16    -78.87    -36.89      1   10
  11    -16.05   -111.72    -35.79      1   11
  12    -11.33   -147.65    -36.31      1   12
  13    -90.08   -115.95    -36.96      1   13
  14    -57.72    153.73    -34.37      1   14
  15    -54.41   -158.12     45.40      1   15
  16    -31.78   -176.56    -37.86      1   16
  17    165.76   -153.54    -35.61      1   17
  18     43.25    129.23     44.52      1   18
  19    -41.51    119.03     45.20      1   19
  20    117.48    -51.06     44.33      1   20
  21     93.66   -146.79    -35.50      1   21
  22   -208.31    118.29     44.61      1   22
  23    -24.35    185.43     42.70      1   23
  24    183.53    -63.94    -34.25      1   24
  25    114.10    264.68    -32.70      1   25

